[23:25:06] [main/INFO] (FabricLoader/GameProvider) Loading Minecraft 1.21.5 with Fabric Loader 0.16.10
[23:25:06] [main/DEBUG] (FabricLoader/GamePatch) Found game constructor: net.minecraft.client.main.Main -> net.minecraft.client.Minecraft
[23:25:06] [main/DEBUG] (FabricLoader/GamePatch) Patching game constructor <init>(Lnet/minecraft/client/main/GameConfig;)V
[23:25:06] [main/DEBUG] (FabricLoader/GamePatch) Run directory field is thought to be net/minecraft/client/Minecraft/gameDirectory
[23:25:06] [main/DEBUG] (FabricLoader/GamePatch) Applying brand name hook to net/minecraft/client/ClientBrandRetriever::getClientModName
[23:25:06] [main/DEBUG] (FabricLoader/GamePatch) Applying brand name hook to net/minecraft/server/MinecraftServer::getServerModName
[23:25:06] [main/DEBUG] (FabricLoader/Mappings) Loading mappings took 56 ms
[23:25:06] [main/DEBUG] (FabricLoader/GamePatch) Patched 3 classs
[23:25:06] [main/DEBUG] (FabricLoader/Discovery) Mod discovery time: 8.4 ms
[23:25:06] [main/DEBUG] (FabricLoader/Resolution) Mod resolution time: 21.9 ms
[23:25:06] [main/INFO] (FabricLoader) Loading 55 mods:
	- eg_invisible_frames 2.0
	- fabric-api 0.119.5+1.21.5
	- fabric-api-base 0.4.62+73a52b4b07
	- fabric-api-lookup-api-v1 1.6.95+86c3a9f107
	- fabric-biome-api-v1 16.0.7+2dd063df07
	- fabric-block-api-v1 1.0.37+86c3a9f107
	- fabric-block-view-api-v2 1.0.26+aa6d566c07
	- fabric-blockrenderlayer-v1 2.0.16+86c3a9f107
	- fabric-client-gametest-api-v1 4.1.10+f3ffa98907
	- fabric-client-tags-api-v1 1.1.37+86c3a9f107
	- fabric-command-api-v1 1.2.70+f71b366f07
	- fabric-command-api-v2 2.2.49+73a52b4b07
	- fabric-commands-v0 0.2.87+df3654b307
	- fabric-content-registries-v0 10.0.11+216530c807
	- fabric-convention-tags-v1 2.1.27+7f945d5b07
	- fabric-convention-tags-v2 2.14.1+277f99c707
	- fabric-crash-report-info-v1 0.3.12+86c3a9f107
	- fabric-data-attachment-api-v1 1.6.6+7b20cbb007
	- fabric-data-generation-api-v1 22.3.1+d94614b807
	- fabric-dimensions-v1 4.0.16+86c3a9f107
	- fabric-entity-events-v1 2.0.25+27c1078f07
	- fabric-events-interaction-v0 4.0.13+73a52b4b07
	- fabric-game-rule-api-v1 1.0.70+c327076a07
	- fabric-gametest-api-v1 3.1.1+7b20cbb007
	- fabric-item-api-v1 11.3.1+eeb42f0207
	- fabric-item-group-api-v1 4.2.8+3459fc6107
	- fabric-key-binding-api-v1 1.0.63+ecf51cdc07
	- fabric-keybindings-v0 0.2.61+df3654b307
	- fabric-lifecycle-events-v1 2.5.13+5cbce67307
	- fabric-loot-api-v2 3.0.47+3f89f5a507
	- fabric-loot-api-v3 1.0.35+86c3a9f107
	- fabric-message-api-v1 6.0.33+86c3a9f107
	- fabric-model-loading-api-v1 5.0.2+55bce67a07
	- fabric-networking-api-v1 4.4.0+f3ffa98907
	- fabric-object-builder-api-v1 21.0.0+7b20cbb007
	- fabric-particles-v1 4.0.22+86c3a9f107
	- fabric-recipe-api-v1 8.1.6+052a85d007
	- fabric-registry-sync-v0 6.1.20+b556383207
	- fabric-renderer-api-v1 6.0.0+55bce67a07
	- fabric-renderer-indigo 3.0.0+55bce67a07
	- fabric-rendering-data-attachment-v1 0.3.64+73761d2e07
	- fabric-rendering-fluids-v1 3.1.27+86c3a9f107
	- fabric-rendering-v1 11.1.11+081cc04307
	- fabric-resource-conditions-api-v1 5.0.21+73a52b4b07
	- fabric-resource-loader-v0 3.1.6+02ca679607
	- fabric-screen-api-v1 2.0.46+86c3a9f107
	- fabric-screen-handler-api-v1 1.3.127+c327076a07
	- fabric-sound-api-v1 1.0.38+86c3a9f107
	- fabric-tag-api-v1 1.0.16+ecf51cdc07
	- fabric-transfer-api-v1 5.4.23+7b20cbb007
	- fabric-transitive-access-wideners-v1 6.3.17+f17a180c07
	- fabricloader 0.16.10
	- java 21
	- minecraft 1.21.5
	- mixinextras 0.4.1
[23:25:06] [main/DEBUG] (FabricLoader/Knot) Adding /Users/isaacblackshaw/Documents/code/github/invisible-frames/.gradle/loom-cache/remapped_mods/loom_mappings_1_21_5_layered_hash_812975100_v2/net/fabricmc/fabric-api/fabric-rendering-data-attachment-v1/0.3.64+73761d2e07/fabric-rendering-data-attachment-v1-0.3.64+73761d2e07.jar to classpath.
[23:25:06] [main/DEBUG] (FabricLoader/Knot) Adding /Users/isaacblackshaw/.gradle/caches/modules-2/files-2.1/io.github.llamalad7/mixinextras-fabric/0.4.1/8d1a9e96afb990367fa1f904d17580d164da72e3/mixinextras-fabric-0.4.1.jar to classpath.
[23:25:06] [main/DEBUG] (FabricLoader/Knot) Adding /Users/isaacblackshaw/Documents/code/github/invisible-frames/.gradle/loom-cache/remapped_mods/loom_mappings_1_21_5_layered_hash_812975100_v2/net/fabricmc/fabric-api/fabric-convention-tags-v1/2.1.27+7f945d5b07/fabric-convention-tags-v1-2.1.27+7f945d5b07.jar to classpath.
[23:25:06] [main/DEBUG] (FabricLoader/Knot) Adding /Users/isaacblackshaw/Documents/code/github/invisible-frames/.gradle/loom-cache/remapped_mods/loom_mappings_1_21_5_layered_hash_812975100_v2/net/fabricmc/fabric-api/fabric-block-api-v1/1.0.37+86c3a9f107/fabric-block-api-v1-1.0.37+86c3a9f107.jar to classpath.
[23:25:06] [main/DEBUG] (FabricLoader/Knot) Adding /Users/isaacblackshaw/Documents/code/github/invisible-frames/.gradle/loom-cache/remapped_mods/loom_mappings_1_21_5_layered_hash_812975100_v2/net/fabricmc/fabric-api/fabric-api/0.119.5+1.21.5/fabric-api-0.119.5+1.21.5.jar to classpath.
[23:25:06] [main/DEBUG] (FabricLoader/Knot) Adding /Users/isaacblackshaw/Documents/code/github/invisible-frames/.gradle/loom-cache/remapped_mods/loom_mappings_1_21_5_layered_hash_812975100_v2/net/fabricmc/fabric-api/fabric-command-api-v2/2.2.49+73a52b4b07/fabric-command-api-v2-2.2.49+73a52b4b07.jar to classpath.
[23:25:06] [main/DEBUG] (FabricLoader/Knot) Adding /Users/isaacblackshaw/Documents/code/github/invisible-frames/.gradle/loom-cache/remapped_mods/loom_mappings_1_21_5_layered_hash_812975100_v2/net/fabricmc/fabric-api/fabric-particles-v1/4.0.22+86c3a9f107/fabric-particles-v1-4.0.22+86c3a9f107.jar to classpath.
[23:25:06] [main/DEBUG] (FabricLoader/Knot) Adding /Users/isaacblackshaw/Documents/code/github/invisible-frames/.gradle/loom-cache/remapped_mods/loom_mappings_1_21_5_layered_hash_812975100_v2/net/fabricmc/fabric-api/fabric-data-attachment-api-v1/1.6.6+7b20cbb007/fabric-data-attachment-api-v1-1.6.6+7b20cbb007.jar to classpath.
[23:25:06] [main/DEBUG] (FabricLoader/Knot) Adding /Users/isaacblackshaw/Documents/code/github/invisible-frames/.gradle/loom-cache/remapped_mods/loom_mappings_1_21_5_layered_hash_812975100_v2/net/fabricmc/fabric-api/fabric-renderer-api-v1/6.0.0+55bce67a07/fabric-renderer-api-v1-6.0.0+55bce67a07.jar to classpath.
[23:25:06] [main/DEBUG] (FabricLoader/Knot) Adding /Users/isaacblackshaw/Documents/code/github/invisible-frames/.gradle/loom-cache/remapped_mods/loom_mappings_1_21_5_layered_hash_812975100_v2/net/fabricmc/fabric-api/fabric-events-interaction-v0/4.0.13+73a52b4b07/fabric-events-interaction-v0-4.0.13+73a52b4b07.jar to classpath.
[23:25:06] [main/DEBUG] (FabricLoader/Knot) Adding /Users/isaacblackshaw/Documents/code/github/invisible-frames/.gradle/loom-cache/remapped_mods/loom_mappings_1_21_5_layered_hash_812975100_v2/net/fabricmc/fabric-api/fabric-game-rule-api-v1/1.0.70+c327076a07/fabric-game-rule-api-v1-1.0.70+c327076a07.jar to classpath.
[23:25:06] [main/DEBUG] (FabricLoader/Knot) Adding /Users/isaacblackshaw/Documents/code/github/invisible-frames/.gradle/loom-cache/remapped_mods/loom_mappings_1_21_5_layered_hash_812975100_v2/net/fabricmc/fabric-api/fabric-message-api-v1/6.0.33+86c3a9f107/fabric-message-api-v1-6.0.33+86c3a9f107.jar to classpath.
[23:25:06] [main/DEBUG] (FabricLoader/Knot) Adding /Users/isaacblackshaw/Documents/code/github/invisible-frames/.gradle/loom-cache/remapped_mods/loom_mappings_1_21_5_layered_hash_812975100_v2/net/fabricmc/fabric-api/fabric-rendering-fluids-v1/3.1.27+86c3a9f107/fabric-rendering-fluids-v1-3.1.27+86c3a9f107.jar to classpath.
[23:25:06] [main/DEBUG] (FabricLoader/Knot) Adding /Users/isaacblackshaw/Documents/code/github/invisible-frames/.gradle/loom-cache/remapped_mods/loom_mappings_1_21_5_layered_hash_812975100_v2/net/fabricmc/fabric-api/fabric-key-binding-api-v1/1.0.63+ecf51cdc07/fabric-key-binding-api-v1-1.0.63+ecf51cdc07.jar to classpath.
[23:25:06] [main/DEBUG] (FabricLoader/Knot) Adding /Users/isaacblackshaw/Documents/code/github/invisible-frames/.gradle/loom-cache/remapped_mods/loom_mappings_1_21_5_layered_hash_812975100_v2/net/fabricmc/fabric-api/fabric-crash-report-info-v1/0.3.12+86c3a9f107/fabric-crash-report-info-v1-0.3.12+86c3a9f107.jar to classpath.
[23:25:06] [main/DEBUG] (FabricLoader/Knot) Adding /Users/isaacblackshaw/Documents/code/github/invisible-frames/.gradle/loom-cache/remapped_mods/loom_mappings_1_21_5_layered_hash_812975100_v2/net/fabricmc/fabric-api/fabric-commands-v0/0.2.87+df3654b307/fabric-commands-v0-0.2.87+df3654b307.jar to classpath.
[23:25:06] [main/DEBUG] (FabricLoader/Knot) Adding /Users/isaacblackshaw/Documents/code/github/invisible-frames/.gradle/loom-cache/remapped_mods/loom_mappings_1_21_5_layered_hash_812975100_v2/net/fabricmc/fabric-api/fabric-object-builder-api-v1/21.0.0+7b20cbb007/fabric-object-builder-api-v1-21.0.0+7b20cbb007.jar to classpath.
[23:25:06] [main/DEBUG] (FabricLoader/Knot) Adding /Users/isaacblackshaw/Documents/code/github/invisible-frames/.gradle/loom-cache/remapped_mods/loom_mappings_1_21_5_layered_hash_812975100_v2/net/fabricmc/fabric-api/fabric-tag-api-v1/1.0.16+ecf51cdc07/fabric-tag-api-v1-1.0.16+ecf51cdc07.jar to classpath.
[23:25:06] [main/DEBUG] (FabricLoader/Knot) Adding /Users/isaacblackshaw/Documents/code/github/invisible-frames/.gradle/loom-cache/remapped_mods/loom_mappings_1_21_5_layered_hash_812975100_v2/net/fabricmc/fabric-api/fabric-entity-events-v1/2.0.25+27c1078f07/fabric-entity-events-v1-2.0.25+27c1078f07.jar to classpath.
[23:25:06] [main/DEBUG] (FabricLoader/Knot) Adding /Users/isaacblackshaw/Documents/code/github/invisible-frames/.gradle/loom-cache/remapped_mods/loom_mappings_1_21_5_layered_hash_812975100_v2/net/fabricmc/fabric-api/fabric-dimensions-v1/4.0.16+86c3a9f107/fabric-dimensions-v1-4.0.16+86c3a9f107.jar to classpath.
[23:25:06] [main/DEBUG] (FabricLoader/Knot) Adding /Users/isaacblackshaw/Documents/code/github/invisible-frames/.gradle/loom-cache/remapped_mods/loom_mappings_1_21_5_layered_hash_812975100_v2/net/fabricmc/fabric-api/fabric-block-view-api-v2/1.0.26+aa6d566c07/fabric-block-view-api-v2-1.0.26+aa6d566c07.jar to classpath.
[23:25:06] [main/DEBUG] (FabricLoader/Knot) Adding /Users/isaacblackshaw/Documents/code/github/invisible-frames/.gradle/loom-cache/remapped_mods/loom_mappings_1_21_5_layered_hash_812975100_v2/net/fabricmc/fabric-api/fabric-keybindings-v0/0.2.61+df3654b307/fabric-keybindings-v0-0.2.61+df3654b307.jar to classpath.
[23:25:06] [main/DEBUG] (FabricLoader/Knot) Adding /Users/isaacblackshaw/Documents/code/github/invisible-frames/.gradle/loom-cache/remapped_mods/loom_mappings_1_21_5_layered_hash_812975100_v2/net/fabricmc/fabric-api/fabric-api-lookup-api-v1/1.6.95+86c3a9f107/fabric-api-lookup-api-v1-1.6.95+86c3a9f107.jar to classpath.
[23:25:06] [main/DEBUG] (FabricLoader/Knot) Adding /Users/isaacblackshaw/Documents/code/github/invisible-frames/.gradle/loom-cache/remapped_mods/loom_mappings_1_21_5_layered_hash_812975100_v2/net/fabricmc/fabric-api/fabric-client-gametest-api-v1/4.1.10+f3ffa98907/fabric-client-gametest-api-v1-4.1.10+f3ffa98907.jar to classpath.
[23:25:06] [main/DEBUG] (FabricLoader/Knot) Adding /Users/isaacblackshaw/Documents/code/github/invisible-frames/.gradle/loom-cache/remapped_mods/loom_mappings_1_21_5_layered_hash_812975100_v2/net/fabricmc/fabric-api/fabric-blockrenderlayer-v1/2.0.16+86c3a9f107/fabric-blockrenderlayer-v1-2.0.16+86c3a9f107.jar to classpath.
[23:25:06] [main/DEBUG] (FabricLoader/Knot) Adding /Users/isaacblackshaw/Documents/code/github/invisible-frames/.gradle/loom-cache/remapped_mods/loom_mappings_1_21_5_layered_hash_812975100_v2/net/fabricmc/fabric-api/fabric-client-tags-api-v1/1.1.37+86c3a9f107/fabric-client-tags-api-v1-1.1.37+86c3a9f107.jar to classpath.
[23:25:06] [main/DEBUG] (FabricLoader/Knot) Adding /Users/isaacblackshaw/Documents/code/github/invisible-frames/.gradle/loom-cache/remapped_mods/loom_mappings_1_21_5_layered_hash_812975100_v2/net/fabricmc/fabric-api/fabric-registry-sync-v0/6.1.20+b556383207/fabric-registry-sync-v0-6.1.20+b556383207.jar to classpath.
[23:25:06] [main/DEBUG] (FabricLoader/Knot) Adding /Users/isaacblackshaw/Documents/code/github/invisible-frames/.gradle/loom-cache/remapped_mods/loom_mappings_1_21_5_layered_hash_812975100_v2/net/fabricmc/fabric-api/fabric-convention-tags-v2/2.14.1+277f99c707/fabric-convention-tags-v2-2.14.1+277f99c707.jar to classpath.
[23:25:06] [main/DEBUG] (FabricLoader/Knot) Adding /Users/isaacblackshaw/Documents/code/github/invisible-frames/.gradle/loom-cache/remapped_mods/loom_mappings_1_21_5_layered_hash_812975100_v2/net/fabricmc/fabric-api/fabric-data-generation-api-v1/22.3.1+d94614b807/fabric-data-generation-api-v1-22.3.1+d94614b807.jar to classpath.
[23:25:06] [main/DEBUG] (FabricLoader/Knot) Adding /Users/isaacblackshaw/Documents/code/github/invisible-frames/.gradle/loom-cache/remapped_mods/loom_mappings_1_21_5_layered_hash_812975100_v2/net/fabricmc/fabric-api/fabric-networking-api-v1/4.4.0+f3ffa98907/fabric-networking-api-v1-4.4.0+f3ffa98907.jar to classpath.
[23:25:06] [main/DEBUG] (FabricLoader/Knot) Adding /Users/isaacblackshaw/Documents/code/github/invisible-frames/.gradle/loom-cache/remapped_mods/loom_mappings_1_21_5_layered_hash_812975100_v2/net/fabricmc/fabric-api/fabric-transitive-access-wideners-v1/6.3.17+f17a180c07/fabric-transitive-access-wideners-v1-6.3.17+f17a180c07.jar to classpath.
[23:25:06] [main/DEBUG] (FabricLoader/Knot) Adding /Users/isaacblackshaw/Documents/code/github/invisible-frames/.gradle/loom-cache/remapped_mods/loom_mappings_1_21_5_layered_hash_812975100_v2/net/fabricmc/fabric-api/fabric-item-group-api-v1/4.2.8+3459fc6107/fabric-item-group-api-v1-4.2.8+3459fc6107.jar to classpath.
[23:25:06] [main/DEBUG] (FabricLoader/Knot) Adding /Users/isaacblackshaw/Documents/code/github/invisible-frames/.gradle/loom-cache/remapped_mods/loom_mappings_1_21_5_layered_hash_812975100_v2/net/fabricmc/fabric-api/fabric-lifecycle-events-v1/2.5.13+5cbce67307/fabric-lifecycle-events-v1-2.5.13+5cbce67307.jar to classpath.
[23:25:06] [main/DEBUG] (FabricLoader/Knot) Adding /Users/isaacblackshaw/Documents/code/github/invisible-frames/.gradle/loom-cache/remapped_mods/loom_mappings_1_21_5_layered_hash_812975100_v2/net/fabricmc/fabric-api/fabric-screen-handler-api-v1/1.3.127+c327076a07/fabric-screen-handler-api-v1-1.3.127+c327076a07.jar to classpath.
[23:25:06] [main/DEBUG] (FabricLoader/Knot) Adding /Users/isaacblackshaw/Documents/code/github/invisible-frames/.gradle/loom-cache/remapped_mods/loom_mappings_1_21_5_layered_hash_812975100_v2/net/fabricmc/fabric-api/fabric-content-registries-v0/10.0.11+216530c807/fabric-content-registries-v0-10.0.11+216530c807.jar to classpath.
[23:25:06] [main/DEBUG] (FabricLoader/Knot) Adding /Users/isaacblackshaw/Documents/code/github/invisible-frames/.gradle/loom-cache/remapped_mods/loom_mappings_1_21_5_layered_hash_812975100_v2/net/fabricmc/fabric-api/fabric-loot-api-v2/3.0.47+3f89f5a507/fabric-loot-api-v2-3.0.47+3f89f5a507.jar to classpath.
[23:25:06] [main/DEBUG] (FabricLoader/Knot) Adding /Users/isaacblackshaw/Documents/code/github/invisible-frames/.gradle/loom-cache/remapped_mods/loom_mappings_1_21_5_layered_hash_812975100_v2/net/fabricmc/fabric-api/fabric-recipe-api-v1/8.1.6+052a85d007/fabric-recipe-api-v1-8.1.6+052a85d007.jar to classpath.
[23:25:06] [main/DEBUG] (FabricLoader/Knot) Adding /Users/isaacblackshaw/Documents/code/github/invisible-frames/.gradle/loom-cache/remapped_mods/loom_mappings_1_21_5_layered_hash_812975100_v2/net/fabricmc/fabric-api/fabric-model-loading-api-v1/5.0.2+55bce67a07/fabric-model-loading-api-v1-5.0.2+55bce67a07.jar to classpath.
[23:25:06] [main/DEBUG] (FabricLoader/Knot) Adding /Users/isaacblackshaw/Documents/code/github/invisible-frames/.gradle/loom-cache/remapped_mods/loom_mappings_1_21_5_layered_hash_812975100_v2/net/fabricmc/fabric-api/fabric-loot-api-v3/1.0.35+86c3a9f107/fabric-loot-api-v3-1.0.35+86c3a9f107.jar to classpath.
[23:25:06] [main/DEBUG] (FabricLoader/Knot) Adding /Users/isaacblackshaw/Documents/code/github/invisible-frames/.gradle/loom-cache/remapped_mods/loom_mappings_1_21_5_layered_hash_812975100_v2/net/fabricmc/fabric-api/fabric-rendering-v1/11.1.11+081cc04307/fabric-rendering-v1-11.1.11+081cc04307.jar to classpath.
[23:25:06] [main/DEBUG] (FabricLoader/Knot) Adding /Users/isaacblackshaw/Documents/code/github/invisible-frames/.gradle/loom-cache/remapped_mods/loom_mappings_1_21_5_layered_hash_812975100_v2/net/fabricmc/fabric-api/fabric-resource-conditions-api-v1/5.0.21+73a52b4b07/fabric-resource-conditions-api-v1-5.0.21+73a52b4b07.jar to classpath.
[23:25:06] [main/DEBUG] (FabricLoader/Knot) Adding /Users/isaacblackshaw/Documents/code/github/invisible-frames/.gradle/loom-cache/remapped_mods/loom_mappings_1_21_5_layered_hash_812975100_v2/net/fabricmc/fabric-api/fabric-api-base/0.4.62+73a52b4b07/fabric-api-base-0.4.62+73a52b4b07.jar to classpath.
[23:25:06] [main/DEBUG] (FabricLoader/Knot) Adding /Users/isaacblackshaw/Documents/code/github/invisible-frames/.gradle/loom-cache/remapped_mods/loom_mappings_1_21_5_layered_hash_812975100_v2/net/fabricmc/fabric-api/fabric-biome-api-v1/16.0.7+2dd063df07/fabric-biome-api-v1-16.0.7+2dd063df07.jar to classpath.
[23:25:06] [main/DEBUG] (FabricLoader/Knot) Adding /Users/isaacblackshaw/Documents/code/github/invisible-frames/.gradle/loom-cache/remapped_mods/loom_mappings_1_21_5_layered_hash_812975100_v2/net/fabricmc/fabric-api/fabric-gametest-api-v1/3.1.1+7b20cbb007/fabric-gametest-api-v1-3.1.1+7b20cbb007.jar to classpath.
[23:25:06] [main/DEBUG] (FabricLoader/Knot) Adding /Users/isaacblackshaw/Documents/code/github/invisible-frames/.gradle/loom-cache/remapped_mods/loom_mappings_1_21_5_layered_hash_812975100_v2/net/fabricmc/fabric-api/fabric-resource-loader-v0/3.1.6+02ca679607/fabric-resource-loader-v0-3.1.6+02ca679607.jar to classpath.
[23:25:06] [main/DEBUG] (FabricLoader/Knot) Adding /Users/isaacblackshaw/Documents/code/github/invisible-frames/.gradle/loom-cache/remapped_mods/loom_mappings_1_21_5_layered_hash_812975100_v2/net/fabricmc/fabric-api/fabric-transfer-api-v1/5.4.23+7b20cbb007/fabric-transfer-api-v1-5.4.23+7b20cbb007.jar to classpath.
[23:25:06] [main/DEBUG] (FabricLoader/Knot) Adding /Users/isaacblackshaw/Documents/code/github/invisible-frames/.gradle/loom-cache/remapped_mods/loom_mappings_1_21_5_layered_hash_812975100_v2/net/fabricmc/fabric-api/fabric-sound-api-v1/1.0.38+86c3a9f107/fabric-sound-api-v1-1.0.38+86c3a9f107.jar to classpath.
[23:25:06] [main/DEBUG] (FabricLoader/Knot) Adding /Users/isaacblackshaw/Documents/code/github/invisible-frames/.gradle/loom-cache/remapped_mods/loom_mappings_1_21_5_layered_hash_812975100_v2/net/fabricmc/fabric-api/fabric-screen-api-v1/2.0.46+86c3a9f107/fabric-screen-api-v1-2.0.46+86c3a9f107.jar to classpath.
[23:25:06] [main/DEBUG] (FabricLoader/Knot) Adding /Users/isaacblackshaw/Documents/code/github/invisible-frames/.gradle/loom-cache/remapped_mods/loom_mappings_1_21_5_layered_hash_812975100_v2/net/fabricmc/fabric-api/fabric-renderer-indigo/3.0.0+55bce67a07/fabric-renderer-indigo-3.0.0+55bce67a07.jar to classpath.
[23:25:06] [main/DEBUG] (FabricLoader/Knot) Adding /Users/isaacblackshaw/Documents/code/github/invisible-frames/fabric/build/resources/main to classpath.
[23:25:06] [main/DEBUG] (FabricLoader/Knot) Adding /Users/isaacblackshaw/Documents/code/github/invisible-frames/.gradle/loom-cache/remapped_mods/loom_mappings_1_21_5_layered_hash_812975100_v2/net/fabricmc/fabric-api/fabric-item-api-v1/11.3.1+eeb42f0207/fabric-item-api-v1-11.3.1+eeb42f0207.jar to classpath.
[23:25:06] [main/DEBUG] (FabricLoader/Knot) Adding /Users/isaacblackshaw/Documents/code/github/invisible-frames/.gradle/loom-cache/remapped_mods/loom_mappings_1_21_5_layered_hash_812975100_v2/net/fabricmc/fabric-api/fabric-command-api-v1/1.2.70+f71b366f07/fabric-command-api-v1-1.2.70+f71b366f07.jar to classpath.
[23:25:06] [main/DEBUG] (FabricLoader/Entrypoint) Registering new-style initializer net.fabricmc.fabric.impl.tag.convention.ConventionLogWarnings for mod fabric-convention-tags-v1 (key main)
[23:25:06] [main/DEBUG] (FabricLoader/Entrypoint) Registering new-style initializer net.fabricmc.fabric.impl.attachment.client.AttachmentSyncClient for mod fabric-data-attachment-api-v1 (key client)
[23:25:06] [main/DEBUG] (FabricLoader/Entrypoint) Registering new-style initializer net.fabricmc.fabric.impl.attachment.AttachmentEntrypoint for mod fabric-data-attachment-api-v1 (key main)
[23:25:06] [main/DEBUG] (FabricLoader/Entrypoint) Registering new-style initializer net.fabricmc.fabric.impl.attachment.sync.AttachmentSync for mod fabric-data-attachment-api-v1 (key main)
[23:25:06] [main/DEBUG] (FabricLoader/Entrypoint) Registering new-style initializer net.fabricmc.fabric.impl.event.interaction.InteractionEventsRouter for mod fabric-events-interaction-v0 (key main)
[23:25:06] [main/DEBUG] (FabricLoader/Entrypoint) Registering new-style initializer net.fabricmc.fabric.impl.tag.TagInit for mod fabric-tag-api-v1 (key main)
[23:25:06] [main/DEBUG] (FabricLoader/Entrypoint) Registering new-style initializer net.fabricmc.fabric.impl.lookup.ApiLookupImpl for mod fabric-api-lookup-api-v1 (key main)
[23:25:06] [main/DEBUG] (FabricLoader/Entrypoint) Registering new-style initializer net.fabricmc.fabric.impl.client.registry.sync.FabricRegistryClientInit for mod fabric-registry-sync-v0 (key client)
[23:25:06] [main/DEBUG] (FabricLoader/Entrypoint) Registering new-style initializer net.fabricmc.fabric.impl.registry.sync.FabricRegistryInit for mod fabric-registry-sync-v0 (key main)
[23:25:06] [main/DEBUG] (FabricLoader/Entrypoint) Registering new-style initializer net.fabricmc.fabric.impl.tag.convention.v2.TranslationConventionLogWarnings for mod fabric-convention-tags-v2 (key main)
[23:25:06] [main/DEBUG] (FabricLoader/Entrypoint) Registering new-style initializer net.fabricmc.fabric.impl.networking.client.ClientNetworkingImpl::clientInit for mod fabric-networking-api-v1 (key client)
[23:25:06] [main/DEBUG] (FabricLoader/Entrypoint) Registering new-style initializer net.fabricmc.fabric.impl.networking.CommonPacketsImpl::init for mod fabric-networking-api-v1 (key main)
[23:25:06] [main/DEBUG] (FabricLoader/Entrypoint) Registering new-style initializer net.fabricmc.fabric.impl.networking.NetworkingImpl::init for mod fabric-networking-api-v1 (key main)
[23:25:06] [main/DEBUG] (FabricLoader/Entrypoint) Registering new-style initializer net.fabricmc.fabric.impl.client.event.lifecycle.ClientLifecycleEventsImpl for mod fabric-lifecycle-events-v1 (key client)
[23:25:06] [main/DEBUG] (FabricLoader/Entrypoint) Registering new-style initializer net.fabricmc.fabric.impl.event.lifecycle.LifecycleEventsImpl for mod fabric-lifecycle-events-v1 (key main)
[23:25:06] [main/DEBUG] (FabricLoader/Entrypoint) Registering new-style initializer net.fabricmc.fabric.impl.screenhandler.client.ClientNetworking for mod fabric-screen-handler-api-v1 (key client)
[23:25:06] [main/DEBUG] (FabricLoader/Entrypoint) Registering new-style initializer net.fabricmc.fabric.impl.screenhandler.Networking for mod fabric-screen-handler-api-v1 (key main)
[23:25:06] [main/DEBUG] (FabricLoader/Entrypoint) Registering new-style initializer net.fabricmc.fabric.impl.loot.v2.LootInitializer for mod fabric-loot-api-v2 (key main)
[23:25:06] [main/DEBUG] (FabricLoader/Entrypoint) Registering new-style initializer net.fabricmc.fabric.impl.recipe.ingredient.client.CustomIngredientSyncClient for mod fabric-recipe-api-v1 (key client)
[23:25:06] [main/DEBUG] (FabricLoader/Entrypoint) Registering new-style initializer net.fabricmc.fabric.impl.recipe.ingredient.CustomIngredientInit for mod fabric-recipe-api-v1 (key main)
[23:25:06] [main/DEBUG] (FabricLoader/Entrypoint) Registering new-style initializer net.fabricmc.fabric.impl.recipe.ingredient.CustomIngredientSync for mod fabric-recipe-api-v1 (key main)
[23:25:06] [main/DEBUG] (FabricLoader/Entrypoint) Registering new-style initializer net.fabricmc.fabric.impl.resource.conditions.ResourceConditionsImpl for mod fabric-resource-conditions-api-v1 (key main)
[23:25:06] [main/DEBUG] (FabricLoader/Entrypoint) Registering new-style initializer net.fabricmc.fabric.impl.gametest.FabricGameTestModInitializer for mod fabric-gametest-api-v1 (key main)
[23:25:06] [main/DEBUG] (FabricLoader/Entrypoint) Registering new-style initializer net.fabricmc.fabric.impl.client.indigo.Indigo for mod fabric-renderer-indigo (key client)
[23:25:06] [main/DEBUG] (FabricLoader/Entrypoint) Registering new-style initializer games.enchanted.invisibleframes.ExampleMod for mod eg_invisible_frames (key main)
[23:25:06] [main/DEBUG] (FabricLoader/Entrypoint) Registering new-style initializer net.fabricmc.fabric.impl.command.v1.LegacyHandler for mod fabric-command-api-v1 (key main)
[23:25:06] [main/INFO] (FabricLoader/Mixin) SpongePowered MIXIN Subsystem Version=0.8.7 Source=file:/Users/isaacblackshaw/.gradle/caches/modules-2/files-2.1/net.fabricmc/sponge-mixin/0.15.4+mixin.0.8.7/6a12aacc794f1078458433116e9ed42c1cc98096/sponge-mixin-0.15.4+mixin.0.8.7.jar Service=Knot/Fabric Env=CLIENT
[23:25:06] [main/DEBUG] (FabricLoader/Mixin) Initialising Mixin Platform Manager
[23:25:06] [main/DEBUG] (FabricLoader/Mixin) Adding mixin platform agents for container ContainerHandleURI(file:///Users/isaacblackshaw/.gradle/caches/modules-2/files-2.1/net.fabricmc/fabric-loader/0.16.10/dbd932c2a3641d2c41cf9abfe47e140a5753fa86/fabric-loader-0.16.10.jar)
[23:25:06] [main/DEBUG] (FabricLoader/Mixin) Instancing new MixinPlatformAgentDefault for ContainerHandleURI(file:///Users/isaacblackshaw/.gradle/caches/modules-2/files-2.1/net.fabricmc/fabric-loader/0.16.10/dbd932c2a3641d2c41cf9abfe47e140a5753fa86/fabric-loader-0.16.10.jar)
[23:25:06] [main/DEBUG] (FabricLoader/Mixin) MixinPlatformAgentDefault accepted container ContainerHandleURI(file:///Users/isaacblackshaw/.gradle/caches/modules-2/files-2.1/net.fabricmc/fabric-loader/0.16.10/dbd932c2a3641d2c41cf9abfe47e140a5753fa86/fabric-loader-0.16.10.jar)
[23:25:06] [main/DEBUG] (FabricLoader/Mixin) Instancing new MixinPlatformAgentDefault for ContainerHandleURI(file:///Users/isaacblackshaw/.gradle/caches/modules-2/files-2.1/net.fabricmc/fabric-loader/0.16.10/dbd932c2a3641d2c41cf9abfe47e140a5753fa86/fabric-loader-0.16.10.jar)
[23:25:06] [main/DEBUG] (FabricLoader/Mixin) MixinPlatformAgentDefault accepted container ContainerHandleURI(file:///Users/isaacblackshaw/.gradle/caches/modules-2/files-2.1/net.fabricmc/fabric-loader/0.16.10/dbd932c2a3641d2c41cf9abfe47e140a5753fa86/fabric-loader-0.16.10.jar)
[23:25:06] [main/DEBUG] (FabricLoader/Mixin) Processing prepare() for PlatformAgent[MixinPlatformAgentDefault:ContainerHandleURI(file:///Users/isaacblackshaw/.gradle/caches/modules-2/files-2.1/net.fabricmc/fabric-loader/0.16.10/dbd932c2a3641d2c41cf9abfe47e140a5753fa86/fabric-loader-0.16.10.jar)]
[23:25:06] [main/DEBUG] (FabricLoader/Mixin) Processing prepare() for PlatformAgent[MixinPlatformAgentDefault:ContainerHandleURI(file:///Users/isaacblackshaw/.gradle/caches/modules-2/files-2.1/net.fabricmc/fabric-loader/0.16.10/dbd932c2a3641d2c41cf9abfe47e140a5753fa86/fabric-loader-0.16.10.jar)]
[23:25:06] [main/INFO] (FabricLoader/Mixin) Loaded Fabric development mappings for mixin remapper!
[23:25:06] [main/DEBUG] (FabricLoader/Mixin) Compatibility level JAVA_21 specified by fabric-rendering-data-attachment-v1.mixins.json is higher than the maximum level supported by this version of mixin (JAVA_13).
[23:25:06] [main/INFO] (FabricLoader/Mixin) Compatibility level set to JAVA_21
[23:25:06] [main/DEBUG] (FabricLoader/Mixin) Mixin config fabric-rendering-data-attachment-v1.mixins.json does not specify "minVersion" or "requiredFeatures" property
[23:25:06] [main/DEBUG] (FabricLoader/Mixin) Mixin config fabric-rendering-data-attachment-v1.client.mixins.json does not specify "minVersion" or "requiredFeatures" property
[23:25:06] [main/DEBUG] (FabricLoader/Mixin) Mixin config fabric-block-api-v1.mixins.json does not specify "minVersion" or "requiredFeatures" property
[23:25:06] [main/DEBUG] (FabricLoader/Mixin) Mixin config fabric-command-api-v2.mixins.json does not specify "minVersion" or "requiredFeatures" property
[23:25:06] [main/DEBUG] (FabricLoader/Mixin) Mixin config fabric-command-api-v2.client.mixins.json does not specify "minVersion" or "requiredFeatures" property
[23:25:06] [main/DEBUG] (FabricLoader/Mixin) Mixin config fabric-particles-v1.client.mixins.json does not specify "minVersion" or "requiredFeatures" property
[23:25:06] [main/DEBUG] (FabricLoader/Mixin) Mixin config fabric-data-attachment-api-v1.mixins.json does not specify "minVersion" or "requiredFeatures" property
[23:25:06] [main/DEBUG] (FabricLoader/Mixin) Mixin config fabric-data-attachment-api-v1.client.mixins.json does not specify "minVersion" or "requiredFeatures" property
[23:25:06] [main/DEBUG] (FabricLoader/Mixin) Mixin config fabric-renderer-api-v1.mixins.json does not specify "minVersion" or "requiredFeatures" property
[23:25:06] [main/DEBUG] (FabricLoader/Mixin) Mixin config fabric-renderer-api-v1.debughud.mixins.json does not specify "minVersion" or "requiredFeatures" property
[23:25:06] [main/DEBUG] (FabricLoader/Mixin) Mixin config fabric-events-interaction-v0.mixins.json does not specify "minVersion" or "requiredFeatures" property
[23:25:06] [main/DEBUG] (FabricLoader/Mixin) Mixin config fabric-events-interaction-v0.client.mixins.json does not specify "minVersion" or "requiredFeatures" property
[23:25:06] [main/DEBUG] (FabricLoader/Mixin) Mixin config fabric-game-rule-api-v1.mixins.json does not specify "minVersion" or "requiredFeatures" property
[23:25:06] [main/DEBUG] (FabricLoader/Mixin) Mixin config fabric-game-rule-api-v1.client.mixins.json does not specify "minVersion" or "requiredFeatures" property
[23:25:06] [main/DEBUG] (FabricLoader/Mixin) Mixin config fabric-message-api-v1.mixins.json does not specify "minVersion" or "requiredFeatures" property
[23:25:06] [main/DEBUG] (FabricLoader/Mixin) Mixin config fabric-message-api-v1.client.mixins.json does not specify "minVersion" or "requiredFeatures" property
[23:25:06] [main/DEBUG] (FabricLoader/Mixin) Mixin config fabric-rendering-fluids-v1.mixins.json does not specify "minVersion" or "requiredFeatures" property
[23:25:06] [main/DEBUG] (FabricLoader/Mixin) Mixin config fabric-key-binding-api-v1.mixins.json does not specify "minVersion" or "requiredFeatures" property
[23:25:06] [main/DEBUG] (FabricLoader/Mixin) Mixin config fabric-crash-report-info-v1.mixins.json does not specify "minVersion" or "requiredFeatures" property
[23:25:06] [main/DEBUG] (FabricLoader/Mixin) Mixin config fabric-object-builder-v1.mixins.json does not specify "minVersion" or "requiredFeatures" property
[23:25:06] [main/DEBUG] (FabricLoader/Mixin) Mixin config fabric-object-builder-v1.client.mixins.json does not specify "minVersion" or "requiredFeatures" property
[23:25:06] [main/DEBUG] (FabricLoader/Mixin) Mixin config fabric-tag-api-v1.mixins.json does not specify "minVersion" or "requiredFeatures" property
[23:25:06] [main/DEBUG] (FabricLoader/Mixin) Mixin config fabric-entity-events-v1.mixins.json does not specify "minVersion" or "requiredFeatures" property
[23:25:06] [main/DEBUG] (FabricLoader/Mixin) Mixin config fabric-dimensions-v1.mixins.json does not specify "minVersion" or "requiredFeatures" property
[23:25:06] [main/DEBUG] (FabricLoader/Mixin) Mixin config fabric-block-view-api-v2.mixins.json does not specify "minVersion" or "requiredFeatures" property
[23:25:06] [main/DEBUG] (FabricLoader/Mixin) Mixin config fabric-block-view-api-v2.client.mixins.json does not specify "minVersion" or "requiredFeatures" property
[23:25:06] [main/DEBUG] (FabricLoader/Mixin) Mixin config fabric-api-lookup-api-v1.mixins.json does not specify "minVersion" or "requiredFeatures" property
[23:25:06] [main/DEBUG] (FabricLoader/Mixin) Mixin config fabric-client-gametest-api-v1.mixins.json does not specify "minVersion" or "requiredFeatures" property
[23:25:06] [main/DEBUG] (FabricLoader/Mixin) Mixin config fabric-blockrenderlayer-v1.mixins.json does not specify "minVersion" or "requiredFeatures" property
[23:25:06] [main/DEBUG] (FabricLoader/Mixin) Mixin config fabric-registry-sync-v0.mixins.json does not specify "minVersion" or "requiredFeatures" property
[23:25:06] [main/DEBUG] (FabricLoader/Mixin) Mixin config fabric-registry-sync-v0.client.mixins.json does not specify "minVersion" or "requiredFeatures" property
[23:25:06] [main/DEBUG] (FabricLoader/Mixin) Mixin config fabric-convention-tags-api-v2.mixins.json does not specify "minVersion" or "requiredFeatures" property
[23:25:06] [main/DEBUG] (FabricLoader/Mixin) Mixin config fabric-data-generation-api-v1.mixins.json does not specify "minVersion" or "requiredFeatures" property
[23:25:06] [main/DEBUG] (FabricLoader/Mixin) Mixin config fabric-data-generation-api-v1.client.mixins.json does not specify "minVersion" or "requiredFeatures" property
[23:25:06] [main/DEBUG] (FabricLoader/Mixin) Mixin config fabric-networking-api-v1.mixins.json does not specify "minVersion" or "requiredFeatures" property
[23:25:06] [main/DEBUG] (FabricLoader/Mixin) Mixin config fabric-networking-api-v1.client.mixins.json does not specify "minVersion" or "requiredFeatures" property
[23:25:06] [main/DEBUG] (FabricLoader/Mixin) Mixin config fabric-item-group-api-v1.mixins.json does not specify "minVersion" or "requiredFeatures" property
[23:25:06] [main/DEBUG] (FabricLoader/Mixin) Mixin config fabric-item-group-api-v1.client.mixins.json does not specify "minVersion" or "requiredFeatures" property
[23:25:06] [main/DEBUG] (FabricLoader/Mixin) Mixin config fabric-lifecycle-events-v1.mixins.json does not specify "minVersion" or "requiredFeatures" property
[23:25:06] [main/DEBUG] (FabricLoader/Mixin) Mixin config fabric-lifecycle-events-v1.client.mixins.json does not specify "minVersion" or "requiredFeatures" property
[23:25:06] [main/DEBUG] (FabricLoader/Mixin) Mixin config fabric-screen-handler-api-v1.mixins.json does not specify "minVersion" or "requiredFeatures" property
[23:25:06] [main/DEBUG] (FabricLoader/Mixin) Mixin config fabric-content-registries-v0.mixins.json does not specify "minVersion" or "requiredFeatures" property
[23:25:06] [main/DEBUG] (FabricLoader/Mixin) Mixin config fabric-loot-api-v2.mixins.json does not specify "minVersion" or "requiredFeatures" property
[23:25:06] [main/DEBUG] (FabricLoader/Mixin) Mixin config fabric-recipe-api-v1.mixins.json does not specify "minVersion" or "requiredFeatures" property
[23:25:06] [main/DEBUG] (FabricLoader/Mixin) Mixin config fabric-model-loading-api-v1.mixins.json does not specify "minVersion" or "requiredFeatures" property
[23:25:06] [main/DEBUG] (FabricLoader/Mixin) Mixin config fabric-loot-api-v3.mixins.json does not specify "minVersion" or "requiredFeatures" property
[23:25:06] [main/DEBUG] (FabricLoader/Mixin) Mixin config fabric-rendering-v1.mixins.json does not specify "minVersion" or "requiredFeatures" property
[23:25:06] [main/DEBUG] (FabricLoader/Mixin) Mixin config fabric-resource-conditions-api-v1.mixins.json does not specify "minVersion" or "requiredFeatures" property
[23:25:06] [main/DEBUG] (FabricLoader/Mixin) Mixin config fabric-biome-api-v1.mixins.json does not specify "minVersion" or "requiredFeatures" property
[23:25:06] [main/DEBUG] (FabricLoader/Mixin) Mixin config fabric-gametest-api-v1.mixins.json does not specify "minVersion" or "requiredFeatures" property
[23:25:06] [main/DEBUG] (FabricLoader/Mixin) Mixin config fabric-resource-loader-v0.mixins.json does not specify "minVersion" or "requiredFeatures" property
[23:25:06] [main/DEBUG] (FabricLoader/Mixin) Mixin config fabric-resource-loader-v0.client.mixins.json does not specify "minVersion" or "requiredFeatures" property
[23:25:06] [main/DEBUG] (FabricLoader/Mixin) Mixin config fabric-transfer-api-v1.mixins.json does not specify "minVersion" or "requiredFeatures" property
[23:25:06] [main/DEBUG] (FabricLoader/Mixin) Mixin config fabric-sound-api-v1.mixins.json does not specify "minVersion" or "requiredFeatures" property
[23:25:06] [main/DEBUG] (FabricLoader/Mixin) Mixin config fabric-screen-api-v1.mixins.json does not specify "minVersion" or "requiredFeatures" property
[23:25:06] [main/DEBUG] (FabricLoader/Mixin) Mixin config fabric-renderer-indigo.mixins.json does not specify "minVersion" or "requiredFeatures" property
[23:25:06] [main/ERROR] (FabricLoader) Uncaught exception in thread "main"
java.lang.RuntimeException: Error parsing or using Mixin config eg_invisible_frames.mixins.json for mod eg_invisible_frames
	at net.fabricmc.loader.impl.launch.FabricMixinBootstrap.init(FabricMixinBootstrap.java:96) ~[fabric-loader-0.16.10.jar:?]
	at net.fabricmc.loader.impl.launch.knot.Knot.init(Knot.java:151) ~[fabric-loader-0.16.10.jar:?]
	at net.fabricmc.loader.impl.launch.knot.Knot.launch(Knot.java:68) ~[fabric-loader-0.16.10.jar:?]
	at net.fabricmc.loader.impl.launch.knot.KnotClient.main(KnotClient.java:23) ~[fabric-loader-0.16.10.jar:?]
	at net.fabricmc.devlaunchinjector.Main.main(Main.java:86) ~[?:?]
Caused by: org.spongepowered.asm.launch.MixinInitialisationError: Error initialising mixin config eg_invisible_frames.mixins.json
	at org.spongepowered.asm.mixin.transformer.Config.create(Config.java:168) ~[sponge-mixin-0.15.4+mixin.0.8.7.jar:0.15.4+mixin.0.8.7]
	at org.spongepowered.asm.mixin.Mixins.createConfiguration(Mixins.java:121) ~[sponge-mixin-0.15.4+mixin.0.8.7.jar:0.15.4+mixin.0.8.7]
	at org.spongepowered.asm.mixin.Mixins.addConfiguration(Mixins.java:108) ~[sponge-mixin-0.15.4+mixin.0.8.7.jar:0.15.4+mixin.0.8.7]
	at org.spongepowered.asm.mixin.Mixins.addConfiguration(Mixins.java:98) ~[sponge-mixin-0.15.4+mixin.0.8.7.jar:0.15.4+mixin.0.8.7]
	at net.fabricmc.loader.impl.launch.FabricMixinBootstrap.init(FabricMixinBootstrap.java:94) ~[fabric-loader-0.16.10.jar:?]
	... 4 more
Caused by: java.lang.IllegalArgumentException: The specified resource 'eg_invisible_frames.mixins.json' was invalid or could not be read
	at org.spongepowered.asm.mixin.transformer.MixinConfig.create(MixinConfig.java:1395) ~[sponge-mixin-0.15.4+mixin.0.8.7.jar:0.15.4+mixin.0.8.7]
	at org.spongepowered.asm.mixin.transformer.Config.create(Config.java:163) ~[sponge-mixin-0.15.4+mixin.0.8.7.jar:0.15.4+mixin.0.8.7]
	at org.spongepowered.asm.mixin.Mixins.createConfiguration(Mixins.java:121) ~[sponge-mixin-0.15.4+mixin.0.8.7.jar:0.15.4+mixin.0.8.7]
	at org.spongepowered.asm.mixin.Mixins.addConfiguration(Mixins.java:108) ~[sponge-mixin-0.15.4+mixin.0.8.7.jar:0.15.4+mixin.0.8.7]
	at org.spongepowered.asm.mixin.Mixins.addConfiguration(Mixins.java:98) ~[sponge-mixin-0.15.4+mixin.0.8.7.jar:0.15.4+mixin.0.8.7]
	at net.fabricmc.loader.impl.launch.FabricMixinBootstrap.init(FabricMixinBootstrap.java:94) ~[fabric-loader-0.16.10.jar:?]
	... 4 more
