[23:25:06] [main/INFO] (FabricLoader/GameProvider) Loading Minecraft 1.21.5 with Fabric Loader 0.16.10
[23:25:06] [main/INFO] (FabricLoader) Loading 55 mods:
	- eg_invisible_frames 2.0
	- fabric-api 0.119.5+1.21.5
	- fabric-api-base 0.4.62+73a52b4b07
	- fabric-api-lookup-api-v1 1.6.95+86c3a9f107
	- fabric-biome-api-v1 16.0.7+2dd063df07
	- fabric-block-api-v1 1.0.37+86c3a9f107
	- fabric-block-view-api-v2 1.0.26+aa6d566c07
	- fabric-blockrenderlayer-v1 2.0.16+86c3a9f107
	- fabric-client-gametest-api-v1 4.1.10+f3ffa98907
	- fabric-client-tags-api-v1 1.1.37+86c3a9f107
	- fabric-command-api-v1 1.2.70+f71b366f07
	- fabric-command-api-v2 2.2.49+73a52b4b07
	- fabric-commands-v0 0.2.87+df3654b307
	- fabric-content-registries-v0 10.0.11+216530c807
	- fabric-convention-tags-v1 2.1.27+7f945d5b07
	- fabric-convention-tags-v2 2.14.1+277f99c707
	- fabric-crash-report-info-v1 0.3.12+86c3a9f107
	- fabric-data-attachment-api-v1 1.6.6+7b20cbb007
	- fabric-data-generation-api-v1 22.3.1+d94614b807
	- fabric-dimensions-v1 4.0.16+86c3a9f107
	- fabric-entity-events-v1 2.0.25+27c1078f07
	- fabric-events-interaction-v0 4.0.13+73a52b4b07
	- fabric-game-rule-api-v1 1.0.70+c327076a07
	- fabric-gametest-api-v1 3.1.1+7b20cbb007
	- fabric-item-api-v1 11.3.1+eeb42f0207
	- fabric-item-group-api-v1 4.2.8+3459fc6107
	- fabric-key-binding-api-v1 1.0.63+ecf51cdc07
	- fabric-keybindings-v0 0.2.61+df3654b307
	- fabric-lifecycle-events-v1 2.5.13+5cbce67307
	- fabric-loot-api-v2 3.0.47+3f89f5a507
	- fabric-loot-api-v3 1.0.35+86c3a9f107
	- fabric-message-api-v1 6.0.33+86c3a9f107
	- fabric-model-loading-api-v1 5.0.2+55bce67a07
	- fabric-networking-api-v1 4.4.0+f3ffa98907
	- fabric-object-builder-api-v1 21.0.0+7b20cbb007
	- fabric-particles-v1 4.0.22+86c3a9f107
	- fabric-recipe-api-v1 8.1.6+052a85d007
	- fabric-registry-sync-v0 6.1.20+b556383207
	- fabric-renderer-api-v1 6.0.0+55bce67a07
	- fabric-renderer-indigo 3.0.0+55bce67a07
	- fabric-rendering-data-attachment-v1 0.3.64+73761d2e07
	- fabric-rendering-fluids-v1 3.1.27+86c3a9f107
	- fabric-rendering-v1 11.1.11+081cc04307
	- fabric-resource-conditions-api-v1 5.0.21+73a52b4b07
	- fabric-resource-loader-v0 3.1.6+02ca679607
	- fabric-screen-api-v1 2.0.46+86c3a9f107
	- fabric-screen-handler-api-v1 1.3.127+c327076a07
	- fabric-sound-api-v1 1.0.38+86c3a9f107
	- fabric-tag-api-v1 1.0.16+ecf51cdc07
	- fabric-transfer-api-v1 5.4.23+7b20cbb007
	- fabric-transitive-access-wideners-v1 6.3.17+f17a180c07
	- fabricloader 0.16.10
	- java 21
	- minecraft 1.21.5
	- mixinextras 0.4.1
[23:25:06] [main/INFO] (FabricLoader/Mixin) SpongePowered MIXIN Subsystem Version=0.8.7 Source=file:/Users/isaacblackshaw/.gradle/caches/modules-2/files-2.1/net.fabricmc/sponge-mixin/0.15.4+mixin.0.8.7/6a12aacc794f1078458433116e9ed42c1cc98096/sponge-mixin-0.15.4+mixin.0.8.7.jar Service=Knot/Fabric Env=CLIENT
[23:25:06] [main/INFO] (FabricLoader/Mixin) Loaded Fabric development mappings for mixin remapper!
[23:25:06] [main/INFO] (FabricLoader/Mixin) Compatibility level set to JAVA_21
[23:25:06] [main/ERROR] (FabricLoader) Uncaught exception in thread "main"
java.lang.RuntimeException: Error parsing or using Mixin config eg_invisible_frames.mixins.json for mod eg_invisible_frames
	at net.fabricmc.loader.impl.launch.FabricMixinBootstrap.init(FabricMixinBootstrap.java:96) ~[fabric-loader-0.16.10.jar:?]
	at net.fabricmc.loader.impl.launch.knot.Knot.init(Knot.java:151) ~[fabric-loader-0.16.10.jar:?]
	at net.fabricmc.loader.impl.launch.knot.Knot.launch(Knot.java:68) ~[fabric-loader-0.16.10.jar:?]
	at net.fabricmc.loader.impl.launch.knot.KnotClient.main(KnotClient.java:23) ~[fabric-loader-0.16.10.jar:?]
	at net.fabricmc.devlaunchinjector.Main.main(Main.java:86) ~[?:?]
Caused by: org.spongepowered.asm.launch.MixinInitialisationError: Error initialising mixin config eg_invisible_frames.mixins.json
	at org.spongepowered.asm.mixin.transformer.Config.create(Config.java:168) ~[sponge-mixin-0.15.4+mixin.0.8.7.jar:0.15.4+mixin.0.8.7]
	at org.spongepowered.asm.mixin.Mixins.createConfiguration(Mixins.java:121) ~[sponge-mixin-0.15.4+mixin.0.8.7.jar:0.15.4+mixin.0.8.7]
	at org.spongepowered.asm.mixin.Mixins.addConfiguration(Mixins.java:108) ~[sponge-mixin-0.15.4+mixin.0.8.7.jar:0.15.4+mixin.0.8.7]
	at org.spongepowered.asm.mixin.Mixins.addConfiguration(Mixins.java:98) ~[sponge-mixin-0.15.4+mixin.0.8.7.jar:0.15.4+mixin.0.8.7]
	at net.fabricmc.loader.impl.launch.FabricMixinBootstrap.init(FabricMixinBootstrap.java:94) ~[fabric-loader-0.16.10.jar:?]
	... 4 more
Caused by: java.lang.IllegalArgumentException: The specified resource 'eg_invisible_frames.mixins.json' was invalid or could not be read
	at org.spongepowered.asm.mixin.transformer.MixinConfig.create(MixinConfig.java:1395) ~[sponge-mixin-0.15.4+mixin.0.8.7.jar:0.15.4+mixin.0.8.7]
	at org.spongepowered.asm.mixin.transformer.Config.create(Config.java:163) ~[sponge-mixin-0.15.4+mixin.0.8.7.jar:0.15.4+mixin.0.8.7]
	at org.spongepowered.asm.mixin.Mixins.createConfiguration(Mixins.java:121) ~[sponge-mixin-0.15.4+mixin.0.8.7.jar:0.15.4+mixin.0.8.7]
	at org.spongepowered.asm.mixin.Mixins.addConfiguration(Mixins.java:108) ~[sponge-mixin-0.15.4+mixin.0.8.7.jar:0.15.4+mixin.0.8.7]
	at org.spongepowered.asm.mixin.Mixins.addConfiguration(Mixins.java:98) ~[sponge-mixin-0.15.4+mixin.0.8.7.jar:0.15.4+mixin.0.8.7]
	at net.fabricmc.loader.impl.launch.FabricMixinBootstrap.init(FabricMixinBootstrap.java:94) ~[fabric-loader-0.16.10.jar:?]
	... 4 more
